Logfile initialized
[INFO] logfile = /Users/gregshoops/Documents/Titanium Studio Workspace/cleanweb-hackathon-tendril/client/mobile/build.log
[DEBUG] /Library/Application Support/Titanium/mobilesdk/osx/1.7.2/android/builder.py simulator Energy-Battle /opt/android-sdk /Users/gregshoops/Documents/Titanium Studio Workspace/cleanweb-hackathon-tendril/client/mobile com.tendril.EnergyBattle 5 WVGA854 
[INFO] Building Energy-Battle for Android ... one moment
[INFO] Titanium SDK version: 1.7.2 (07/21/11 09:36 97c3689)
[DEBUG] Waiting for device to be ready ...
[TRACE] adb devices returned 2 devices/emulators
[TRACE] adb devices returned 2 devices/emulators
[TRACE] adb devices returned 2 devices/emulators
[TRACE] adb devices returned 2 devices/emulators
[TRACE] adb devices returned 2 devices/emulators
[TRACE] adb devices returned 2 devices/emulators
[TRACE] adb devices returned 2 devices/emulators
[TRACE] adb devices returned 2 devices/emulators
[TRACE] adb devices returned 2 devices/emulators
[TRACE] adb devices returned 2 devices/emulators
[TRACE] adb devices returned 2 devices/emulators
[TRACE] adb devices returned 2 devices/emulators
[TRACE] adb devices returned 2 devices/emulators
[TRACE] adb devices returned 2 devices/emulators
[DEBUG] Device connected... (waited 40 seconds)
[DEBUG] waited 40.527764 seconds on emulator to get ready
[INFO] Waiting for the Android Emulator to become available
[INFO] Installing application on device
[TRACE] adb devices returned 2 devices/emulators
[DEBUG] Device connected... (waited 35 seconds)
[DEBUG] waited 35.126020 seconds on emulator to get ready
[INFO] Waiting for the Android Emulator to become available
[DEBUG] com.tendril.EnergyBattle installed? False
[INFO] Fastdev server running, deploying in Fastdev mode
[INFO] Copying project resources..
[TRACE] Generating Java Classes
[DEBUG] Processing Android resource drawables
[DEBUG] copying app icon: /Users/gregshoops/Documents/Titanium Studio Workspace/cleanweb-hackathon-tendril/client/mobile/build/android/bin/assets/Resources/appicon.png
[DEBUG] generating theme.xml
[DEBUG] found splash screen at /Users/gregshoops/Documents/Titanium Studio Workspace/cleanweb-hackathon-tendril/client/mobile/build/android/bin/assets/Resources/default.png
[TRACE] Writing out AndroidManifest.xml
[DEBUG] adding /Users/gregshoops/Documents/Titanium Studio Workspace/cleanweb-hackathon-tendril/client/mobile/build/android/gen/com/tendril/EnergyBattle/EnergyBattleActivity.java to javac build list
[DEBUG] adding /Users/gregshoops/Documents/Titanium Studio Workspace/cleanweb-hackathon-tendril/client/mobile/build/android/gen/com/tendril/EnergyBattle/EnergyBattleAppInfo.java to javac build list
[DEBUG] adding /Users/gregshoops/Documents/Titanium Studio Workspace/cleanweb-hackathon-tendril/client/mobile/build/android/gen/com/tendril/EnergyBattle/EnergyBattleApplication.java to javac build list
[DEBUG] adding /Users/gregshoops/Documents/Titanium Studio Workspace/cleanweb-hackathon-tendril/client/mobile/build/android/gen/com/tendril/EnergyBattle/R.java to javac build list
[DEBUG] Building Java Sources: "/Users/gregshoops/Documents/Titanium Studio Workspace/cleanweb-hackathon-tendril/client/mobile/build/android/gen/com/tendril/EnergyBattle/EnergyBattleActivity.java" "/Users/gregshoops/Documents/Titanium Studio Workspace/cleanweb-hackathon-tendril/client/mobile/build/android/gen/com/tendril/EnergyBattle/EnergyBattleAppInfo.java" "/Users/gregshoops/Documents/Titanium Studio Workspace/cleanweb-hackathon-tendril/client/mobile/build/android/gen/com/tendril/EnergyBattle/EnergyBattleApplication.java" "/Users/gregshoops/Documents/Titanium Studio Workspace/cleanweb-hackathon-tendril/client/mobile/build/android/gen/com/tendril/EnergyBattle/R.java"
[INFO] Waiting for SDCard to become available..
[INFO] Compiling Android Resources... This could take some time
[INFO] Launching application ... Energy-Battle
[TRACE] Launch output: Starting: Intent { act=android.intent.action.MAIN cat=[android.intent.category.LAUNCHER] cmp=com.tendril.EnergyBattle/.EnergyBattleActivity }

[INFO] Deployed Energy-Battle ... Application should be running.
[DEBUG] Android classes.dex built
[DEBUG] creating unsigned apk: /Users/gregshoops/Documents/Titanium Studio Workspace/cleanweb-hackathon-tendril/client/mobile/build/android/bin/app-unsigned.apk
[DEBUG] from resource zip => assets/Resources/images/BUTT_grn_off.png
[DEBUG] from resource zip => assets/Resources/images/BUTT_grn_on.png
[DEBUG] from resource zip => assets/Resources/images/BUTT_gry_off.png
[DEBUG] from resource zip => assets/Resources/images/BUTT_gry_on.png
[DEBUG] from resource zip => assets/Resources/KS_nav_ui.png
[DEBUG] from resource zip => assets/Resources/KS_nav_views.png
[DEBUG] from resource zip => assets/Resources/app.js
[DEBUG] from resource zip => assets/Resources/appicon.png
[DEBUG] from resource zip => assets/Resources/createBattleWindow.js
[DEBUG] from resource zip => assets/Resources/createLeaderBoardWindow.js
[DEBUG] from resource zip => assets/Resources/createLoginWindow.js
[DEBUG] from resource zip => assets/Resources/createNearbyWindow.js
[DEBUG] from resource zip => assets/Resources/createPricingPlanWindow.js
[DEBUG] from resource zip => assets/Resources/createResultsWindow.js
[DEBUG] from resource zip => assets/Resources/default.png
[DEBUG] from resource zip => assets/Resources/functions.js
[DEBUG] from resource zip => assets/Resources/network.js
[DEBUG] from resource zip => assets/Resources/ui.js
[DEBUG] from resource zip => assets/tiapp.xml
[DEBUG] from resource zip => res/drawable/appicon.png
[DEBUG] from resource zip => res/drawable/background.png
[DEBUG] from resource zip => res/drawable/facebook_icon.png
[DEBUG] from resource zip => res/drawable/facebook_login.png
[DEBUG] from resource zip => res/drawable/facebook_login_down.png
[DEBUG] from resource zip => res/drawable/facebook_login_wide.png
[DEBUG] from resource zip => res/drawable/facebook_login_wide_down.png
[DEBUG] from resource zip => res/drawable/facebook_logout.png
[DEBUG] from resource zip => res/drawable/facebook_logout_down.png
[DEBUG] from resource zip => res/layout/titanium_tabgroup.xml
[DEBUG] from resource zip => AndroidManifest.xml
[DEBUG] from resource zip => resources.arsc
[DEBUG] from resource zip => res/drawable-hdpi/facebook_icon.png
[DEBUG] from resource zip => res/drawable-ldpi/facebook_icon.png
[DEBUG] from JAR /Library/Application Support/Titanium/mobilesdk/osx/1.7.2/android/modules/titanium-yahoo.jar => ti/modules/titanium/yahoo/yahoo.js
[DEBUG] from JAR /Library/Application Support/Titanium/mobilesdk/osx/1.7.2/android/smalljs.jar => org/mozilla/javascript/resources/Messages.properties
[DEBUG] from JAR /Library/Application Support/Titanium/mobilesdk/osx/1.7.2/android/smalljs.jar => org/mozilla/javascript/resources/Messages_fr.properties
[DEBUG] from JAR /Library/Application Support/Titanium/mobilesdk/osx/1.7.2/android/modules/titanium-facebook.jar => ti/modules/titanium/facebook/LICENSE
[DEBUG] from JAR /Library/Application Support/Titanium/mobilesdk/osx/1.7.2/android/titanium.jar => org/apache/Commons-NOTICE.txt
[DEBUG] from JAR /Library/Application Support/Titanium/mobilesdk/osx/1.7.2/android/titanium.jar => org/apache/HttpComponents-NOTICE.txt
[DEBUG] from JAR /Library/Application Support/Titanium/mobilesdk/osx/1.7.2/android/titanium.jar => org/apache/mime4j-NOTICE.txt
[DEBUG] from JAR /Library/Application Support/Titanium/mobilesdk/osx/1.7.2/android/titanium.jar => org/appcelerator/titanium/build.properties
[DEBUG] from JAR /Library/Application Support/Titanium/mobilesdk/osx/1.7.2/android/titanium.jar => org/appcelerator/titanium/res/drawable/background.png
[DEBUG] from JAR /Library/Application Support/Titanium/mobilesdk/osx/1.7.2/android/titanium.jar => org/appcelerator/titanium/res/drawable/btn_check_buttonless_on.png
[DEBUG] from JAR /Library/Application Support/Titanium/mobilesdk/osx/1.7.2/android/titanium.jar => org/appcelerator/titanium/res/drawable/btn_check_buttonless_on_18.png
[DEBUG] from JAR /Library/Application Support/Titanium/mobilesdk/osx/1.7.2/android/titanium.jar => org/appcelerator/titanium/res/drawable/btn_check_buttonless_on_48.png
[DEBUG] from JAR /Library/Application Support/Titanium/mobilesdk/osx/1.7.2/android/titanium.jar => org/appcelerator/titanium/res/drawable/btn_more.png
[DEBUG] from JAR /Library/Application Support/Titanium/mobilesdk/osx/1.7.2/android/titanium.jar => org/appcelerator/titanium/res/drawable/btn_more_18.png
[DEBUG] from JAR /Library/Application Support/Titanium/mobilesdk/osx/1.7.2/android/titanium.jar => org/appcelerator/titanium/res/drawable/btn_more_48.png
[DEBUG] from JAR /Library/Application Support/Titanium/mobilesdk/osx/1.7.2/android/titanium.jar => org/appcelerator/titanium/res/drawable/btn_picker_normal.9.png
[DEBUG] from JAR /Library/Application Support/Titanium/mobilesdk/osx/1.7.2/android/titanium.jar => org/appcelerator/titanium/res/drawable/btn_picker_pressed.9.png
[DEBUG] from JAR /Library/Application Support/Titanium/mobilesdk/osx/1.7.2/android/titanium.jar => org/appcelerator/titanium/res/drawable/btn_picker_selected.9.png
[DEBUG] from JAR /Library/Application Support/Titanium/mobilesdk/osx/1.7.2/android/titanium.jar => org/appcelerator/titanium/res/drawable/default_icon.png
[DEBUG] from JAR /Library/Application Support/Titanium/mobilesdk/osx/1.7.2/android/titanium.jar => org/appcelerator/titanium/res/drawable/photoDefault.png
[DEBUG] from JAR /Library/Application Support/Titanium/mobilesdk/osx/1.7.2/android/modules/titanium-ui.jar => ti/modules/titanium/ui/widget/webview/binding.js
[DEBUG] from JAR /Library/Application Support/Titanium/mobilesdk/osx/1.7.2/android/modules/titanium-ui.jar => ti/modules/titanium/ui/widget/webview/binding.min.js
[DEBUG] from JAR /Library/Application Support/Titanium/mobilesdk/osx/1.7.2/android/modules/titanium-ui.jar => ti/modules/titanium/ui/widget/webview/json2.js
[DEBUG] Waiting for device to be ready ...
[TRACE] adb devices returned 2 devices/emulators
[DEBUG] Device connected... (waited 0 seconds)
[DEBUG] waited 0.015365 seconds on emulator to get ready
[INFO] Installing application on device
[INFO] Launching application ... Energy-Battle
[TRACE] Launch output: Starting: Intent { act=android.intent.action.MAIN cat=[android.intent.category.LAUNCHER] cmp=com.tendril.EnergyBattle/.EnergyBattleActivity }

[INFO] Deployed Energy-Battle ... Application should be running.
[INFO] Android Emulator has exited
